<?xml version="1.0" encoding="UTF-8" ?>
<testsuite failures="0" time="0.005" errors="0" skipped="0" tests="17" name="at.ac.tuwien.inso.swtesten.util.CucumberJUnitTest">
  <properties>
    <property name="java.runtime.name" value="Java(TM) SE Runtime Environment"/>
    <property name="sun.boot.library.path" value="/System/Library/Java/JavaVirtualMachines/1.6.0.jdk/Contents/Libraries"/>
    <property name="java.vm.version" value="20.65-b04-466.1"/>
    <property name="awt.nativeDoubleBuffering" value="true"/>
    <property name="gopherProxySet" value="false"/>
    <property name="mrj.build" value="11M4716"/>
    <property name="java.vm.vendor" value="Apple Inc."/>
    <property name="java.vendor.url" value="http://www.apple.com/"/>
    <property name="path.separator" value=":"/>
    <property name="guice.disable.misplaced.annotation.check" value="true"/>
    <property name="java.vm.name" value="Java HotSpot(TM) 64-Bit Server VM"/>
    <property name="file.encoding.pkg" value="sun.io"/>
    <property name="user.country" value="DE"/>
    <property name="sun.java.launcher" value="SUN_STANDARD"/>
    <property name="sun.os.patch.level" value="unknown"/>
    <property name="java.vm.specification.name" value="Java Virtual Machine Specification"/>
    <property name="user.dir" value="/Users/Tom/workspace/lab"/>
    <property name="java.runtime.version" value="1.6.0_65-b14-466.1-11M4716"/>
    <property name="java.awt.graphicsenv" value="apple.awt.CGraphicsEnvironment"/>
    <property name="java.endorsed.dirs" value="/System/Library/Java/JavaVirtualMachines/1.6.0.jdk/Contents/Home/lib/endorsed"/>
    <property name="os.arch" value="x86_64"/>
    <property name="java.io.tmpdir" value="/var/folders/3y/0lp8xqk57j90mz5c7lq8rhmr0000gn/T/"/>
    <property name="line.separator" value="
"/>
    <property name="java.vm.specification.vendor" value="Sun Microsystems Inc."/>
    <property name="os.name" value="Mac OS X"/>
    <property name="classworlds.conf" value="/Users/Tom/workspace/.metadata/.plugins/org.eclipse.m2e.launching/launches/m2conf3130736840044123488.tmp"/>
    <property name="sun.jnu.encoding" value="MacRoman"/>
    <property name="java.library.path" value=".:/Library/Java/Extensions:/System/Library/Java/Extensions:/usr/lib/java"/>
    <property name="java.specification.name" value="Java Platform API Specification"/>
    <property name="java.class.version" value="50.0"/>
    <property name="sun.management.compiler" value="HotSpot 64-Bit Tiered Compilers"/>
    <property name="os.version" value="10.10.1"/>
    <property name="http.nonProxyHosts" value="local|*.local|169.254/16|*.169.254/16"/>
    <property name="user.home" value="/Users/Tom"/>
    <property name="user.timezone" value="Europe/Vienna"/>
    <property name="java.awt.printerjob" value="apple.awt.CPrinterJob"/>
    <property name="java.specification.version" value="1.6"/>
    <property name="file.encoding" value="UTF-8"/>
    <property name="user.name" value="Tom"/>
    <property name="java.class.path" value="/Applications/eclipseLuna/plugins/org.eclipse.m2e.maven.runtime_1.5.0.20140605-2032/jars/plexus-classworlds-2.5.1.jar"/>
    <property name="org.slf4j.simpleLogger.defaultLogLevel" value="info"/>
    <property name="java.vm.specification.version" value="1.0"/>
    <property name="sun.arch.data.model" value="64"/>
    <property name="java.home" value="/System/Library/Java/JavaVirtualMachines/1.6.0.jdk/Contents/Home"/>
    <property name="sun.java.command" value="org.codehaus.plexus.classworlds.launcher.Launcher -B test"/>
    <property name="java.specification.vendor" value="Sun Microsystems Inc."/>
    <property name="user.language" value="de"/>
    <property name="awt.toolkit" value="apple.awt.CToolkit"/>
    <property name="java.vm.info" value="mixed mode"/>
    <property name="java.version" value="1.6.0_65"/>
    <property name="java.ext.dirs" value="/Library/Java/Extensions:/System/Library/Java/Extensions:/System/Library/Java/JavaVirtualMachines/1.6.0.jdk/Contents/Home/lib/ext"/>
    <property name="sun.boot.class.path" value="/System/Library/Java/JavaVirtualMachines/1.6.0.jdk/Contents/Classes/jsfd.jar:/System/Library/Java/JavaVirtualMachines/1.6.0.jdk/Contents/Classes/classes.jar:/System/Library/Frameworks/JavaVM.framework/Frameworks/JavaRuntimeSupport.framework/Resources/Java/JavaRuntimeSupport.jar:/System/Library/Java/JavaVirtualMachines/1.6.0.jdk/Contents/Classes/ui.jar:/System/Library/Java/JavaVirtualMachines/1.6.0.jdk/Contents/Classes/laf.jar:/System/Library/Java/JavaVirtualMachines/1.6.0.jdk/Contents/Classes/sunrsasign.jar:/System/Library/Java/JavaVirtualMachines/1.6.0.jdk/Contents/Classes/jsse.jar:/System/Library/Java/JavaVirtualMachines/1.6.0.jdk/Contents/Classes/jce.jar:/System/Library/Java/JavaVirtualMachines/1.6.0.jdk/Contents/Classes/charsets.jar"/>
    <property name="java.vendor" value="Apple Inc."/>
    <property name="maven.home" value="/Users/Tom/workspace/lab/EMBEDDED"/>
    <property name="file.separator" value="/"/>
    <property name="java.vendor.url.bug" value="http://bugreport.apple.com/"/>
    <property name="sun.cpu.endian" value="little"/>
    <property name="sun.io.unicode.encoding" value="UnicodeLittle"/>
    <property name="mrj.version" value="1070.1.6.0_65-466.1"/>
    <property name="socksNonProxyHosts" value="local|*.local|169.254/16|*.169.254/16"/>
    <property name="ftp.nonProxyHosts" value="local|*.local|169.254/16|*.169.254/16"/>
    <property name="sun.cpu.isalist" value=""/>
  </properties>
  <testcase time="0.003" classname="Scenario: Look up the definition of the Masters Course - Software Engineering &amp; Internet Computing" name="Given I want to look up the definition of the master courses at Vienna University of Technology"/>
  <testcase time="0" classname="Scenario: Look up the definition of the Masters Course - Software Engineering &amp; Internet Computing" name="When I select the Master courses in the teaching section"/>
  <testcase time="0.001" classname="Scenario: Look up the definition of the Masters Course - Software Engineering &amp; Internet Computing" name="And When I select the course &quot;Masterstudium Software Engineering &amp; Internet Computing&quot;"/>
  <testcase time="0" classname="Scenario: Look up the definition of the Masters Course - Software Engineering &amp; Internet Computing" name="Then the definition of this course is shown"/>
  <testcase time="0" classname="Scenario: Look up the definition of the Masters Course - Software Engineering &amp; Internet Computing" name="Scenario: Look up the definition of the Masters Course - Software Engineering &amp; Internet Computing"/>
  <testcase time="0" classname="Scenario: Search for Software Testen" name="Given I am on the wikipedia homepage"/>
  <testcase time="0" classname="Scenario: Search for Software Testen" name="When I select German"/>
  <testcase time="0" classname="Scenario: Search for Software Testen" name="Then the german startpage is shown with the title &quot;Willkommen bei Wikipedia&quot;"/>
  <testcase time="0" classname="Scenario: Search for Software Testen" name="And When I search for &quot;Softwaretest&quot;"/>
  <testcase time="0" classname="Scenario: Search for Software Testen" name="Then the article for a &quot;Softwaretest&quot; is shown"/>
  <testcase time="0.001" classname="Scenario: Search for Software Testen" name="Scenario: Search for Software Testen"/>
  <testcase time="0" classname="Scenario: Search for a non existing article" name="Given I am on the wikipedia homepage"/>
  <testcase time="0" classname="Scenario: Search for a non existing article" name="When I select German"/>
  <testcase time="0" classname="Scenario: Search for a non existing article" name="Then the german startpage is shown with the title &quot;Willkommen bei Wikipedia&quot;"/>
  <testcase time="0" classname="Scenario: Search for a non existing article" name="And When I search for &quot;Something else&quot;"/>
  <testcase time="0" classname="Scenario: Search for a non existing article" name="Then the article for &quot;Something else&quot; should not exist"/>
  <testcase time="0" classname="Scenario: Search for a non existing article" name="Scenario: Search for a non existing article"/>
</testsuite>